<?xml version="1.0" encoding="UTF-8"?>
<testsuite name="com.hd.stringcalculator.StringCalculatorTest" time="0.024" tests="4" errors="0" skipped="0" failures="0">
  <properties>
[...]
</properties>
  <testcase name="addShouldReturn6SomeSeparator" classname="com.hd.stringcalculator.StringCalculatorTest" time="0.006"/>
  <testcase name="addShouldReturnNegativeNumberExceptionMessage" classname="com.hd.stringcalculator.StringCalculatorTest" time="0.016"/>
  <testcase name="addShouldReturn8IfMoreCharacterSeparator" classname="com.hd.stringcalculator.StringCalculatorTest" time="0.001"/>
  <testcase name="addShouldReturn13" classname="com.hd.stringcalculator.StringCalculatorTest" time="0.001"/>
</testsuite>